1723277961.856661 client started (11720): version 3.4, socket /tmp/tmux-1000/default, protocol 8
1723277961.856709 on Linux 6.10.3-arch1-2 #1 SMP PREEMPT_DYNAMIC Tue, 06 Aug 2024 07:21:19 +0000
1723277961.856736 using libevent 2.1.12-stable poll
1723277961.856750 using ncurses 6.5 20240427
1723277961.856791 flags are 0x10010000
1723277961.856823 socket is /tmp/tmux-1000/default
1723277961.856852 trying connect
1723277961.856996 add peer 0x5eba624d7710: 6 ((nil))
1723277961.857692 sending message 100 to peer 0x5eba624d7710 (4 bytes)
1723277961.857715 sending message 111 to peer 0x5eba624d7710 (8 bytes)
1723277961.857730 sending message 101 to peer 0x5eba624d7710 (15 bytes)
1723277961.857744 sending message 109 to peer 0x5eba624d7710 (4 bytes)
1723277961.857758 sending message 102 to peer 0x5eba624d7710 (11 bytes)
1723277961.857772 sending message 108 to peer 0x5eba624d7710 (21 bytes)
1723277961.857786 sending message 112 to peer 0x5eba624d7710 (58 bytes)
1723277961.857800 sending message 112 to peer 0x5eba624d7710 (5 bytes)
1723277961.857814 sending message 112 to peer 0x5eba624d7710 (5 bytes)
1723277961.857828 sending message 112 to peer 0x5eba624d7710 (6 bytes)
1723277961.857842 sending message 112 to peer 0x5eba624d7710 (6 bytes)
1723277961.857855 sending message 112 to peer 0x5eba624d7710 (11 bytes)
1723277961.857869 sending message 112 to peer 0x5eba624d7710 (10 bytes)
1723277961.857883 sending message 112 to peer 0x5eba624d7710 (13 bytes)
1723277961.857897 sending message 112 to peer 0x5eba624d7710 (14 bytes)
1723277961.857910 sending message 112 to peer 0x5eba624d7710 (19 bytes)
1723277961.857924 sending message 112 to peer 0x5eba624d7710 (11 bytes)
1723277961.857938 sending message 112 to peer 0x5eba624d7710 (10 bytes)
1723277961.857951 sending message 112 to peer 0x5eba624d7710 (15 bytes)
1723277961.857965 sending message 112 to peer 0x5eba624d7710 (21 bytes)
1723277961.857978 sending message 112 to peer 0x5eba624d7710 (13 bytes)
1723277961.857992 sending message 112 to peer 0x5eba624d7710 (7 bytes)
1723277961.858006 sending message 112 to peer 0x5eba624d7710 (13 bytes)
1723277961.858019 sending message 112 to peer 0x5eba624d7710 (7 bytes)
1723277961.858033 sending message 112 to peer 0x5eba624d7710 (13 bytes)
1723277961.858047 sending message 112 to peer 0x5eba624d7710 (9 bytes)
1723277961.858060 sending message 112 to peer 0x5eba624d7710 (21 bytes)
1723277961.858074 sending message 112 to peer 0x5eba624d7710 (13 bytes)
1723277961.858087 sending message 112 to peer 0x5eba624d7710 (9 bytes)
1723277961.858101 sending message 112 to peer 0x5eba624d7710 (16 bytes)
1723277961.858115 sending message 112 to peer 0x5eba624d7710 (13 bytes)
1723277961.858128 sending message 112 to peer 0x5eba624d7710 (9 bytes)
1723277961.858142 sending message 112 to peer 0x5eba624d7710 (9 bytes)
1723277961.858155 sending message 112 to peer 0x5eba624d7710 (12 bytes)
1723277961.858169 sending message 112 to peer 0x5eba624d7710 (8 bytes)
1723277961.858183 sending message 112 to peer 0x5eba624d7710 (8 bytes)
1723277961.858196 sending message 112 to peer 0x5eba624d7710 (13 bytes)
1723277961.858210 sending message 112 to peer 0x5eba624d7710 (7 bytes)
1723277961.858224 sending message 112 to peer 0x5eba624d7710 (7 bytes)
1723277961.858237 sending message 112 to peer 0x5eba624d7710 (9 bytes)
1723277961.858251 sending message 112 to peer 0x5eba624d7710 (9 bytes)
1723277961.858264 sending message 112 to peer 0x5eba624d7710 (15 bytes)
1723277961.858278 sending message 112 to peer 0x5eba624d7710 (13 bytes)
1723277961.858291 sending message 112 to peer 0x5eba624d7710 (12 bytes)
1723277961.858305 sending message 112 to peer 0x5eba624d7710 (8 bytes)
1723277961.858319 sending message 112 to peer 0x5eba624d7710 (14 bytes)
1723277961.858332 sending message 112 to peer 0x5eba624d7710 (11 bytes)
1723277961.858346 sending message 112 to peer 0x5eba624d7710 (9 bytes)
1723277961.858381 sending message 112 to peer 0x5eba624d7710 (10 bytes)
1723277961.858399 sending message 112 to peer 0x5eba624d7710 (10 bytes)
1723277961.858413 sending message 112 to peer 0x5eba624d7710 (10 bytes)
1723277961.858456 sending message 112 to peer 0x5eba624d7710 (10 bytes)
1723277961.858472 sending message 112 to peer 0x5eba624d7710 (11 bytes)
1723277961.858486 sending message 112 to peer 0x5eba624d7710 (12 bytes)
1723277961.858500 sending message 112 to peer 0x5eba624d7710 (12 bytes)
1723277961.858514 sending message 112 to peer 0x5eba624d7710 (12 bytes)
1723277961.858528 sending message 112 to peer 0x5eba624d7710 (12 bytes)
1723277961.858542 sending message 112 to peer 0x5eba624d7710 (12 bytes)
1723277961.858556 sending message 112 to peer 0x5eba624d7710 (11 bytes)
1723277961.858570 sending message 112 to peer 0x5eba624d7710 (11 bytes)
1723277961.858584 sending message 112 to peer 0x5eba624d7710 (12 bytes)
1723277961.858598 sending message 112 to peer 0x5eba624d7710 (12 bytes)
1723277961.858612 sending message 112 to peer 0x5eba624d7710 (12 bytes)
1723277961.858626 sending message 112 to peer 0x5eba624d7710 (12 bytes)
1723277961.858639 sending message 112 to peer 0x5eba624d7710 (12 bytes)
1723277961.858653 sending message 112 to peer 0x5eba624d7710 (9 bytes)
1723277961.858667 sending message 112 to peer 0x5eba624d7710 (12 bytes)
1723277961.858681 sending message 112 to peer 0x5eba624d7710 (13 bytes)
1723277961.858695 sending message 112 to peer 0x5eba624d7710 (13 bytes)
1723277961.858709 sending message 112 to peer 0x5eba624d7710 (13 bytes)
1723277961.858723 sending message 112 to peer 0x5eba624d7710 (13 bytes)
1723277961.858737 sending message 112 to peer 0x5eba624d7710 (13 bytes)
1723277961.858751 sending message 112 to peer 0x5eba624d7710 (8 bytes)
1723277961.858765 sending message 112 to peer 0x5eba624d7710 (11 bytes)
1723277961.858779 sending message 112 to peer 0x5eba624d7710 (11 bytes)
1723277961.858793 sending message 112 to peer 0x5eba624d7710 (11 bytes)
1723277961.858807 sending message 112 to peer 0x5eba624d7710 (12 bytes)
1723277961.858821 sending message 112 to peer 0x5eba624d7710 (12 bytes)
1723277961.858835 sending message 112 to peer 0x5eba624d7710 (12 bytes)
1723277961.858849 sending message 112 to peer 0x5eba624d7710 (12 bytes)
1723277961.858862 sending message 112 to peer 0x5eba624d7710 (13 bytes)
1723277961.858876 sending message 112 to peer 0x5eba624d7710 (13 bytes)
1723277961.858890 sending message 112 to peer 0x5eba624d7710 (13 bytes)
1723277961.858904 sending message 112 to peer 0x5eba624d7710 (8 bytes)
1723277961.858918 sending message 112 to peer 0x5eba624d7710 (13 bytes)
1723277961.858932 sending message 112 to peer 0x5eba624d7710 (13 bytes)
1723277961.858946 sending message 112 to peer 0x5eba624d7710 (13 bytes)
1723277961.858960 sending message 112 to peer 0x5eba624d7710 (13 bytes)
1723277961.858974 sending message 112 to peer 0x5eba624d7710 (13 bytes)
1723277961.858988 sending message 112 to peer 0x5eba624d7710 (12 bytes)
1723277961.859002 sending message 112 to peer 0x5eba624d7710 (12 bytes)
1723277961.859016 sending message 112 to peer 0x5eba624d7710 (12 bytes)
1723277961.859030 sending message 112 to peer 0x5eba624d7710 (12 bytes)
1723277961.859043 sending message 112 to peer 0x5eba624d7710 (13 bytes)
1723277961.859057 sending message 112 to peer 0x5eba624d7710 (8 bytes)
1723277961.859071 sending message 112 to peer 0x5eba624d7710 (13 bytes)
1723277961.859085 sending message 112 to peer 0x5eba624d7710 (13 bytes)
1723277961.859099 sending message 112 to peer 0x5eba624d7710 (13 bytes)
1723277961.859113 sending message 112 to peer 0x5eba624d7710 (13 bytes)
1723277961.859127 sending message 112 to peer 0x5eba624d7710 (13 bytes)
1723277961.859141 sending message 112 to peer 0x5eba624d7710 (13 bytes)
1723277961.859155 sending message 112 to peer 0x5eba624d7710 (13 bytes)
1723277961.859169 sending message 112 to peer 0x5eba624d7710 (12 bytes)
1723277961.859183 sending message 112 to peer 0x5eba624d7710 (12 bytes)
1723277961.859196 sending message 112 to peer 0x5eba624d7710 (12 bytes)
1723277961.859210 sending message 112 to peer 0x5eba624d7710 (8 bytes)
1723277961.859224 sending message 112 to peer 0x5eba624d7710 (12 bytes)
1723277961.859238 sending message 112 to peer 0x5eba624d7710 (13 bytes)
1723277961.859272 sending message 112 to peer 0x5eba624d7710 (13 bytes)
1723277961.859286 sending message 112 to peer 0x5eba624d7710 (13 bytes)
1723277961.859301 sending message 112 to peer 0x5eba624d7710 (13 bytes)
1723277961.859315 sending message 112 to peer 0x5eba624d7710 (13 bytes)
1723277961.859329 sending message 112 to peer 0x5eba624d7710 (13 bytes)
1723277961.859343 sending message 112 to peer 0x5eba624d7710 (13 bytes)
1723277961.859357 sending message 112 to peer 0x5eba624d7710 (13 bytes)
1723277961.859371 sending message 112 to peer 0x5eba624d7710 (12 bytes)
1723277961.859384 sending message 112 to peer 0x5eba624d7710 (10 bytes)
1723277961.859398 sending message 112 to peer 0x5eba624d7710 (12 bytes)
1723277961.859412 sending message 112 to peer 0x5eba624d7710 (12 bytes)
1723277961.859426 sending message 112 to peer 0x5eba624d7710 (12 bytes)
1723277961.859440 sending message 112 to peer 0x5eba624d7710 (13 bytes)
1723277961.859454 sending message 112 to peer 0x5eba624d7710 (13 bytes)
1723277961.859468 sending message 112 to peer 0x5eba624d7710 (13 bytes)
1723277961.859482 sending message 112 to peer 0x5eba624d7710 (13 bytes)
1723277961.859496 sending message 112 to peer 0x5eba624d7710 (13 bytes)
1723277961.859510 sending message 112 to peer 0x5eba624d7710 (13 bytes)
1723277961.859524 sending message 112 to peer 0x5eba624d7710 (13 bytes)
1723277961.859538 sending message 112 to peer 0x5eba624d7710 (10 bytes)
1723277961.859552 sending message 112 to peer 0x5eba624d7710 (13 bytes)
1723277961.859566 sending message 112 to peer 0x5eba624d7710 (12 bytes)
1723277961.859580 sending message 112 to peer 0x5eba624d7710 (12 bytes)
1723277961.859594 sending message 112 to peer 0x5eba624d7710 (12 bytes)
1723277961.859608 sending message 112 to peer 0x5eba624d7710 (10 bytes)
1723277961.859622 sending message 112 to peer 0x5eba624d7710 (10 bytes)
1723277961.859635 sending message 112 to peer 0x5eba624d7710 (10 bytes)
1723277961.859649 sending message 112 to peer 0x5eba624d7710 (12 bytes)
1723277961.859663 sending message 112 to peer 0x5eba624d7710 (13 bytes)
1723277961.859677 sending message 112 to peer 0x5eba624d7710 (13 bytes)
1723277961.859691 sending message 112 to peer 0x5eba624d7710 (13 bytes)
1723277961.859705 sending message 112 to peer 0x5eba624d7710 (13 bytes)
1723277961.859719 sending message 112 to peer 0x5eba624d7710 (13 bytes)
1723277961.859733 sending message 112 to peer 0x5eba624d7710 (10 bytes)
1723277961.859747 sending message 112 to peer 0x5eba624d7710 (11 bytes)
1723277961.859761 sending message 112 to peer 0x5eba624d7710 (12 bytes)
1723277961.859775 sending message 112 to peer 0x5eba624d7710 (12 bytes)
1723277961.859789 sending message 112 to peer 0x5eba624d7710 (12 bytes)
1723277961.859803 sending message 112 to peer 0x5eba624d7710 (12 bytes)
1723277961.859817 sending message 112 to peer 0x5eba624d7710 (12 bytes)
1723277961.859831 sending message 112 to peer 0x5eba624d7710 (11 bytes)
1723277961.859845 sending message 112 to peer 0x5eba624d7710 (12 bytes)
1723277961.859859 sending message 112 to peer 0x5eba624d7710 (12 bytes)
1723277961.859873 sending message 112 to peer 0x5eba624d7710 (13 bytes)
1723277961.859887 sending message 112 to peer 0x5eba624d7710 (13 bytes)
1723277961.859900 sending message 112 to peer 0x5eba624d7710 (13 bytes)
1723277961.859914 sending message 112 to peer 0x5eba624d7710 (13 bytes)
1723277961.859928 sending message 112 to peer 0x5eba624d7710 (13 bytes)
1723277961.859942 sending message 112 to peer 0x5eba624d7710 (10 bytes)
1723277961.859956 sending message 112 to peer 0x5eba624d7710 (9 bytes)
1723277961.859970 sending message 112 to peer 0x5eba624d7710 (12 bytes)
1723277961.859984 sending message 112 to peer 0x5eba624d7710 (13 bytes)
1723277961.859998 sending message 112 to peer 0x5eba624d7710 (13 bytes)
1723277961.860012 sending message 112 to peer 0x5eba624d7710 (13 bytes)
1723277961.860026 sending message 112 to peer 0x5eba624d7710 (13 bytes)
1723277961.860040 sending message 112 to peer 0x5eba624d7710 (13 bytes)
1723277961.860054 sending message 112 to peer 0x5eba624d7710 (9 bytes)
1723277961.860087 sending message 112 to peer 0x5eba624d7710 (12 bytes)
1723277961.860102 sending message 112 to peer 0x5eba624d7710 (13 bytes)
1723277961.860116 sending message 112 to peer 0x5eba624d7710 (13 bytes)
1723277961.860130 sending message 112 to peer 0x5eba624d7710 (13 bytes)
1723277961.860144 sending message 112 to peer 0x5eba624d7710 (13 bytes)
1723277961.860158 sending message 112 to peer 0x5eba624d7710 (13 bytes)
1723277961.860172 sending message 112 to peer 0x5eba624d7710 (11 bytes)
1723277961.860186 sending message 112 to peer 0x5eba624d7710 (12 bytes)
1723277961.860200 sending message 112 to peer 0x5eba624d7710 (13 bytes)
1723277961.860214 sending message 112 to peer 0x5eba624d7710 (13 bytes)
1723277961.860228 sending message 112 to peer 0x5eba624d7710 (13 bytes)
1723277961.860242 sending message 112 to peer 0x5eba624d7710 (13 bytes)
1723277961.860256 sending message 112 to peer 0x5eba624d7710 (13 bytes)
1723277961.860270 sending message 112 to peer 0x5eba624d7710 (11 bytes)
1723277961.860284 sending message 112 to peer 0x5eba624d7710 (12 bytes)
1723277961.860298 sending message 112 to peer 0x5eba624d7710 (12 bytes)
1723277961.860312 sending message 112 to peer 0x5eba624d7710 (12 bytes)
1723277961.860326 sending message 112 to peer 0x5eba624d7710 (12 bytes)
1723277961.860340 sending message 112 to peer 0x5eba624d7710 (12 bytes)
1723277961.860354 sending message 112 to peer 0x5eba624d7710 (21 bytes)
1723277961.860368 sending message 112 to peer 0x5eba624d7710 (12 bytes)
1723277961.860383 sending message 112 to peer 0x5eba624d7710 (9 bytes)
1723277961.860397 sending message 112 to peer 0x5eba624d7710 (6 bytes)
1723277961.860411 sending message 112 to peer 0x5eba624d7710 (13 bytes)
1723277961.860425 sending message 112 to peer 0x5eba624d7710 (10 bytes)
1723277961.860440 sending message 112 to peer 0x5eba624d7710 (24 bytes)
1723277961.860454 sending message 112 to peer 0x5eba624d7710 (13 bytes)
1723277961.860468 sending message 112 to peer 0x5eba624d7710 (9 bytes)
1723277961.860482 sending message 112 to peer 0x5eba624d7710 (70 bytes)
1723277961.860496 sending message 112 to peer 0x5eba624d7710 (69 bytes)
1723277961.860510 sending message 112 to peer 0x5eba624d7710 (12 bytes)
1723277961.860524 sending message 112 to peer 0x5eba624d7710 (10 bytes)
1723277961.860538 sending message 112 to peer 0x5eba624d7710 (10 bytes)
1723277961.860552 sending message 112 to peer 0x5eba624d7710 (24 bytes)
1723277961.860566 sending message 112 to peer 0x5eba624d7710 (13 bytes)
1723277961.860580 sending message 112 to peer 0x5eba624d7710 (10 bytes)
1723277961.860595 sending message 112 to peer 0x5eba624d7710 (10 bytes)
1723277961.860610 sending message 112 to peer 0x5eba624d7710 (10 bytes)
1723277961.860624 sending message 112 to peer 0x5eba624d7710 (13 bytes)
1723277961.860638 sending message 112 to peer 0x5eba624d7710 (15 bytes)
1723277961.860652 sending message 112 to peer 0x5eba624d7710 (5 bytes)
1723277961.860668 sending message 104 to peer 0x5eba624d7710 (0 bytes)
1723277961.860683 sending message 110 to peer 0x5eba624d7710 (0 bytes)
1723277961.860698 sending message 107 to peer 0x5eba624d7710 (4 bytes)
1723277961.860712 sending message 105 to peer 0x5eba624d7710 (20 bytes)
1723277961.860726 sending message 105 to peer 0x5eba624d7710 (18 bytes)
1723277961.860741 sending message 105 to peer 0x5eba624d7710 (20 bytes)
1723277961.860755 sending message 105 to peer 0x5eba624d7710 (45 bytes)
1723277961.860769 sending message 105 to peer 0x5eba624d7710 (13 bytes)
1723277961.860783 sending message 105 to peer 0x5eba624d7710 (25 bytes)
1723277961.860797 sending message 105 to peer 0x5eba624d7710 (35 bytes)
1723277961.860811 sending message 105 to peer 0x5eba624d7710 (41 bytes)
1723277961.860825 sending message 105 to peer 0x5eba624d7710 (32 bytes)
1723277961.860840 sending message 105 to peer 0x5eba624d7710 (52 bytes)
1723277961.860854 sending message 105 to peer 0x5eba624d7710 (19 bytes)
1723277961.860869 sending message 105 to peer 0x5eba624d7710 (32 bytes)
1723277961.860883 sending message 105 to peer 0x5eba624d7710 (15 bytes)
1723277961.860915 sending message 105 to peer 0x5eba624d7710 (25 bytes)
1723277961.860930 sending message 105 to peer 0x5eba624d7710 (23 bytes)
1723277961.860944 sending message 105 to peer 0x5eba624d7710 (14 bytes)
1723277961.860958 sending message 105 to peer 0x5eba624d7710 (21 bytes)
1723277961.860972 sending message 105 to peer 0x5eba624d7710 (41 bytes)
1723277961.860987 sending message 105 to peer 0x5eba624d7710 (32 bytes)
1723277961.861001 sending message 105 to peer 0x5eba624d7710 (13 bytes)
1723277961.861016 sending message 105 to peer 0x5eba624d7710 (15 bytes)
1723277961.861030 sending message 105 to peer 0x5eba624d7710 (21 bytes)
1723277961.861044 sending message 105 to peer 0x5eba624d7710 (17 bytes)
1723277961.861058 sending message 105 to peer 0x5eba624d7710 (15 bytes)
1723277961.861072 sending message 105 to peer 0x5eba624d7710 (17 bytes)
1723277961.861087 sending message 105 to peer 0x5eba624d7710 (1905 bytes)
1723277961.861123 sending message 105 to peer 0x5eba624d7710 (23 bytes)
1723277961.861137 sending message 105 to peer 0x5eba624d7710 (20 bytes)
1723277961.861152 sending message 105 to peer 0x5eba624d7710 (65 bytes)
1723277961.861166 sending message 105 to peer 0x5eba624d7710 (38 bytes)
1723277961.861180 sending message 105 to peer 0x5eba624d7710 (55 bytes)
1723277961.861194 sending message 105 to peer 0x5eba624d7710 (23 bytes)
1723277961.861208 sending message 105 to peer 0x5eba624d7710 (20 bytes)
1723277961.861222 sending message 105 to peer 0x5eba624d7710 (47 bytes)
1723277961.861236 sending message 105 to peer 0x5eba624d7710 (11 bytes)
1723277961.861250 sending message 105 to peer 0x5eba624d7710 (13 bytes)
1723277961.861264 sending message 105 to peer 0x5eba624d7710 (43 bytes)
1723277961.861278 sending message 105 to peer 0x5eba624d7710 (11 bytes)
1723277961.861292 sending message 105 to peer 0x5eba624d7710 (8 bytes)
1723277961.861307 sending message 105 to peer 0x5eba624d7710 (11 bytes)
1723277961.861321 sending message 105 to peer 0x5eba624d7710 (17 bytes)
1723277961.861335 sending message 105 to peer 0x5eba624d7710 (47 bytes)
1723277961.861349 sending message 105 to peer 0x5eba624d7710 (50 bytes)
1723277961.861363 sending message 105 to peer 0x5eba624d7710 (31 bytes)
1723277961.861378 sending message 105 to peer 0x5eba624d7710 (50 bytes)
1723277961.861392 sending message 105 to peer 0x5eba624d7710 (168 bytes)
1723277961.861407 sending message 105 to peer 0x5eba624d7710 (30 bytes)
1723277961.861421 sending message 105 to peer 0x5eba624d7710 (122 bytes)
1723277961.861435 sending message 105 to peer 0x5eba624d7710 (56 bytes)
1723277961.861449 sending message 105 to peer 0x5eba624d7710 (17 bytes)
1723277961.861464 sending message 105 to peer 0x5eba624d7710 (433 bytes)
1723277961.861478 sending message 105 to peer 0x5eba624d7710 (38 bytes)
1723277961.861492 sending message 105 to peer 0x5eba624d7710 (14 bytes)
1723277961.861506 sending message 105 to peer 0x5eba624d7710 (54 bytes)
1723277961.861520 sending message 105 to peer 0x5eba624d7710 (17 bytes)
1723277961.861534 sending message 105 to peer 0x5eba624d7710 (27 bytes)
1723277961.861549 sending message 105 to peer 0x5eba624d7710 (37 bytes)
1723277961.861563 sending message 105 to peer 0x5eba624d7710 (355 bytes)
1723277961.861577 sending message 105 to peer 0x5eba624d7710 (29 bytes)
1723277961.861591 sending message 105 to peer 0x5eba624d7710 (18 bytes)
1723277961.861605 sending message 105 to peer 0x5eba624d7710 (16 bytes)
1723277961.861619 sending message 106 to peer 0x5eba624d7710 (0 bytes)
1723277961.861761 sending message 200 to peer 0x5eba624d7710 (4 bytes)
1723277961.861779 client loop enter
1723277961.862246 peer 0x5eba624d7710 message 303
1723277961.862266 open write file 2 -
1723277961.862286 sending message 305 to peer 0x5eba624d7710 (8 bytes)
1723277961.862328 write check file 2
1723277961.862481 peer 0x5eba624d7710 message 304
1723277961.862496 write 58 to file 2
1723277961.862510 peer 0x5eba624d7710 message 203
1723277961.862521 file 2 58 bytes left
1723277961.862550 write check file 2
1723277961.862562 client loop exit
